Watching for file changes with StatReloader
Watching for file changes with StatReloader
Waiting for apps ready_event.
Waiting for apps ready_event.
Apps ready_event triggered. Sending autoreload_started signal.
Apps ready_event triggered. Sending autoreload_started signal.
Watching dir C:\Users\Laptop\Desktop\videoflix_mac\videoflix\content\templates with glob **/*.
Watching dir C:\Users\Laptop\Desktop\videoflix_mac\videoflix\content\templates with glob **/*.
Watching dir C:\Users\Laptop\Desktop\videoflix_mac\env\Lib\site-packages\debug_toolbar\templates with glob **/*.
Watching dir C:\Users\Laptop\Desktop\videoflix_mac\env\Lib\site-packages\debug_toolbar\templates with glob **/*.
Watching dir C:\Users\Laptop\Desktop\videoflix_mac\env\Lib\site-packages\django_rq\templates with glob **/*.
Watching dir C:\Users\Laptop\Desktop\videoflix_mac\env\Lib\site-packages\django_rq\templates with glob **/*.
Watching dir C:\Users\Laptop\Desktop\videoflix_mac\videoflix\locale with glob **/*.mo.
Watching dir C:\Users\Laptop\Desktop\videoflix_mac\videoflix\locale with glob **/*.mo.
Watching dir C:\Users\Laptop\Desktop\videoflix_mac\videoflix\content\locale with glob **/*.mo.
Watching dir C:\Users\Laptop\Desktop\videoflix_mac\videoflix\content\locale with glob **/*.mo.
Watching dir C:\Users\Laptop\Desktop\videoflix_mac\env\Lib\site-packages\debug_toolbar\locale with glob **/*.mo.
Watching dir C:\Users\Laptop\Desktop\videoflix_mac\env\Lib\site-packages\debug_toolbar\locale with glob **/*.mo.
Watching dir C:\Users\Laptop\Desktop\videoflix_mac\env\Lib\site-packages\django_rq\locale with glob **/*.mo.
Watching dir C:\Users\Laptop\Desktop\videoflix_mac\env\Lib\site-packages\django_rq\locale with glob **/*.mo.
(0.000) SELECT oid, typarray FROM pg_type WHERE typname = 'hstore'; args=('hstore',); alias=default
(0.000) SELECT oid, typarray FROM pg_type WHERE typname = 'hstore'; args=('hstore',); alias=default
(0.016) SELECT oid, typarray FROM pg_type WHERE typname = 'citext'; args=('citext',); alias=default
(0.016) SELECT oid, typarray FROM pg_type WHERE typname = 'citext'; args=('citext',); alias=default
(0.000) 
            SELECT
                c.relname,
                CASE
                    WHEN c.relispartition THEN 'p'
                    WHEN c.relkind IN ('m', 'v') THEN 'v'
                    ELSE 't'
                END,
                obj_description(c.oid, 'pg_class')
            FROM pg_catalog.pg_class c
            LEFT JOIN pg_catalog.pg_namespace n ON n.oid = c.relnamespace
            WHERE c.relkind IN ('f', 'm', 'p', 'r', 'v')
                AND n.nspname NOT IN ('pg_catalog', 'pg_toast')
                AND pg_catalog.pg_table_is_visible(c.oid)
        ; args=None; alias=default
(0.000) 
            SELECT
                c.relname,
                CASE
                    WHEN c.relispartition THEN 'p'
                    WHEN c.relkind IN ('m', 'v') THEN 'v'
                    ELSE 't'
                END,
                obj_description(c.oid, 'pg_class')
            FROM pg_catalog.pg_class c
            LEFT JOIN pg_catalog.pg_namespace n ON n.oid = c.relnamespace
            WHERE c.relkind IN ('f', 'm', 'p', 'r', 'v')
                AND n.nspname NOT IN ('pg_catalog', 'pg_toast')
                AND pg_catalog.pg_table_is_visible(c.oid)
        ; args=None; alias=default
(0.000) SELECT "django_migrations"."id", "django_migrations"."app", "django_migrations"."name", "django_migrations"."applied" FROM "django_migrations"; args=(); alias=default
(0.000) SELECT "django_migrations"."id", "django_migrations"."app", "django_migrations"."name", "django_migrations"."applied" FROM "django_migrations"; args=(); alias=default





